<?xml version="1.0" encoding="UTF-8"?>
<!-- Generated by org.testng.reporters.JUnitXMLReporter -->
<testsuite hostname="DESKTOP-C1KB7NO" name="EmployeerestAssuredTest" tests="24" failures="5" timestamp="1 Jul 2019 20:00:28 GMT" time="8.437" errors="0">
  <testcase name="CheckContentEncoding" time="0.022" classname="com.Employeeapi.testCases.TC_001_GET_All_Employees"/>
  <testcase name="CheckContentLength" time="0.004" classname="com.Employeeapi.testCases.TC_001_GET_All_Employees">
    <failure type="java.lang.NumberFormatException" message="null">
      <![CDATA[java.lang.NumberFormatException: null
	at java.lang.Integer.parseInt(Integer.java:542)
	at java.lang.Integer.parseInt(Integer.java:615)
	at com.Employeeapi.testCases.TC_001_GET_All_Employees.CheckContentLength(TC_001_GET_All_Employees.java:103)
... Removed 24 stack frames]]>
    </failure>
  </testcase> <!-- CheckContentLength -->
  <testcase name="CheckCookies" time="0.001" classname="com.Employeeapi.testCases.TC_001_GET_All_Employees"/>
  <testcase name="CheckResponseBody" time="0.094" classname="com.Employeeapi.testCases.TC_001_GET_All_Employees"/>
  <testcase name="CheckStatusCode" time="0.002" classname="com.Employeeapi.testCases.TC_001_GET_All_Employees"/>
  <testcase name="CheckStatusLine" time="0.002" classname="com.Employeeapi.testCases.TC_001_GET_All_Employees"/>
  <testcase name="ResponseTime" time="0.0" classname="com.Employeeapi.testCases.TC_001_GET_All_Employees"/>
  <testcase name="checkContentType" time="0.002" classname="com.Employeeapi.testCases.TC_001_GET_All_Employees"/>
  <testcase name="checkServerType" time="0.004" classname="com.Employeeapi.testCases.TC_001_GET_All_Employees">
    <failure type="java.lang.AssertionError" message="expected [nginx/1.14.1] but found [Apache]">
      <![CDATA[java.lang.AssertionError: expected [nginx/1.14.1] but found [Apache]
	at com.Employeeapi.testCases.TC_001_GET_All_Employees.checkServerType(TC_001_GET_All_Employees.java:68)
... Removed 29 stack frames]]>
    </failure>
  </testcase> <!-- checkServerType -->
  <testcase name="CheckContentEncoding" time="0.001" classname="com.Employeeapi.testCases.TC_002_GET_Single_Employee_Record">
    <failure type="java.lang.AssertionError" message="expected [gzip] but found [null]">
      <![CDATA[java.lang.AssertionError: expected [gzip] but found [null]
	at com.Employeeapi.testCases.TC_002_GET_Single_Employee_Record.CheckContentEncoding(TC_002_GET_Single_Employee_Record.java:79)
... Removed 29 stack frames]]>
    </failure>
  </testcase> <!-- CheckContentEncoding -->
  <testcase name="CheckContentLength" time="0.001" classname="com.Employeeapi.testCases.TC_002_GET_Single_Employee_Record"/>
  <testcase name="CheckCookies" time="0.001" classname="com.Employeeapi.testCases.TC_002_GET_Single_Employee_Record"/>
  <testcase name="CheckResponseBody" time="0.002" classname="com.Employeeapi.testCases.TC_002_GET_Single_Employee_Record">
    <failure type="java.lang.AssertionError" message="expected [true] but found [false]">
      <![CDATA[java.lang.AssertionError: expected [true] but found [false]
	at com.Employeeapi.testCases.TC_002_GET_Single_Employee_Record.CheckResponseBody(TC_002_GET_Single_Employee_Record.java:33)
... Removed 29 stack frames]]>
    </failure>
  </testcase> <!-- CheckResponseBody -->
  <testcase name="CheckStatusCode" time="0.001" classname="com.Employeeapi.testCases.TC_002_GET_Single_Employee_Record"/>
  <testcase name="CheckStatusLine" time="0.001" classname="com.Employeeapi.testCases.TC_002_GET_Single_Employee_Record"/>
  <testcase name="ResponseTime" time="0.001" classname="com.Employeeapi.testCases.TC_002_GET_Single_Employee_Record"/>
  <testcase name="checkContentType" time="0.001" classname="com.Employeeapi.testCases.TC_002_GET_Single_Employee_Record"/>
  <testcase name="checkServerType" time="0.002" classname="com.Employeeapi.testCases.TC_002_GET_Single_Employee_Record"/>
  <testcase name="CheckContentEncoding" time="0.004" classname="com.Employeeapi.testCases.TC_003_POST_Employee_Record"/>
  <testcase name="CheckResponseBody" time="0.002" classname="com.Employeeapi.testCases.TC_003_POST_Employee_Record">
    <failure type="java.lang.AssertionError" message="expected [true] but found [false]">
      <![CDATA[java.lang.AssertionError: expected [true] but found [false]
	at com.Employeeapi.testCases.TC_003_POST_Employee_Record.CheckResponseBody(TC_003_POST_Employee_Record.java:54)
... Removed 29 stack frames]]>
    </failure>
  </testcase> <!-- CheckResponseBody -->
  <testcase name="CheckStatusCode" time="0.003" classname="com.Employeeapi.testCases.TC_003_POST_Employee_Record"/>
  <testcase name="CheckStatusLine" time="0.003" classname="com.Employeeapi.testCases.TC_003_POST_Employee_Record"/>
  <testcase name="checkContentType" time="0.0" classname="com.Employeeapi.testCases.TC_003_POST_Employee_Record"/>
  <testcase name="checkServerType" time="0.001" classname="com.Employeeapi.testCases.TC_003_POST_Employee_Record"/>
</testsuite> <!-- EmployeerestAssuredTest -->
